<?xml version="1.0" encoding="UTF-8"?>
<testsuite xmlns:xsi="http://www.w3.org/2001/XMLSchema-instance" xsi:noNamespaceSchemaLocation="https://maven.apache.org/surefire/maven-surefire-plugin/xsd/surefire-test-report.xsd" name="com.anapiqueras.AppTest" time="0.093" tests="24" errors="12" skipped="0" failures="6">
  <properties>
[...]
</properties>
  <testcase name="fourBooksThreeDifferentsPlusOne" classname="com.anapiqueras.AppTest" time="0.006">
    <error message="Index 4 out of bounds for length 4" type="java.lang.ArrayIndexOutOfBoundsException">java.lang.ArrayIndexOutOfBoundsException: Index 4 out of bounds for length 4
	at com.anapiqueras.AppTest.fourBooksThreeDifferentsPlusOne(AppTest.java:121)
</error>
  </testcase>
  <testcase name="shouldAnswerWithTrue" classname="com.anapiqueras.AppTest" time="0"/>
  <testcase name="fiveBooksEquals" classname="com.anapiqueras.AppTest" time="0.007">
    <failure message="expected:&lt;40.0&gt; but was:&lt;0.0&gt;" type="java.lang.AssertionError"><![CDATA[java.lang.AssertionError: expected:<40.0> but was:<0.0>
	at com.anapiqueras.AppTest.fiveBooksEquals(AppTest.java:127)
]]></failure>
    <system-out><![CDATA[----0.0
----0.0
----0.0
----0.0
---- 0.0
]]></system-out>
  </testcase>
  <testcase name="fourBooksTwoDifferentsForTwo" classname="com.anapiqueras.AppTest" time="0">
    <error message="Index 4 out of bounds for length 4" type="java.lang.ArrayIndexOutOfBoundsException">java.lang.ArrayIndexOutOfBoundsException: Index 4 out of bounds for length 4
	at com.anapiqueras.AppTest.fourBooksTwoDifferentsForTwo(AppTest.java:115)
</error>
  </testcase>
  <testcase name="fourBooksTwoDifferentsPlusTwoEquals" classname="com.anapiqueras.AppTest" time="0.001">
    <error message="Index 4 out of bounds for length 4" type="java.lang.ArrayIndexOutOfBoundsException">java.lang.ArrayIndexOutOfBoundsException: Index 4 out of bounds for length 4
	at com.anapiqueras.AppTest.fourBooksTwoDifferentsPlusTwoEquals(AppTest.java:109)
</error>
  </testcase>
  <testcase name="oneBook" classname="com.anapiqueras.AppTest" time="0">
    <error message="Index 1 out of bounds for length 1" type="java.lang.ArrayIndexOutOfBoundsException">java.lang.ArrayIndexOutOfBoundsException: Index 1 out of bounds for length 1
	at com.anapiqueras.AppTest.oneBook(AppTest.java:61)
</error>
  </testcase>
  <testcase name="threeBooksEquals" classname="com.anapiqueras.AppTest" time="0.001">
    <error message="Index 3 out of bounds for length 3" type="java.lang.ArrayIndexOutOfBoundsException">java.lang.ArrayIndexOutOfBoundsException: Index 3 out of bounds for length 3
	at com.anapiqueras.AppTest.threeBooksEquals(AppTest.java:79)
</error>
  </testcase>
  <testcase name="checkDiscountFourDifferentsBooks" classname="com.anapiqueras.AppTest" time="0"/>
  <testcase name="anyBook" classname="com.anapiqueras.AppTest" time="0">
    <error message="Index 0 out of bounds for length 0" type="java.lang.ArrayIndexOutOfBoundsException">java.lang.ArrayIndexOutOfBoundsException: Index 0 out of bounds for length 0
	at com.anapiqueras.AppTest.anyBook(AppTest.java:55)
</error>
  </testcase>
  <testcase name="checkDiscountThreeDifferentsBooks" classname="com.anapiqueras.AppTest" time="0"/>
  <testcase name="twoBooksEquals" classname="com.anapiqueras.AppTest" time="0">
    <error message="Index 2 out of bounds for length 2" type="java.lang.ArrayIndexOutOfBoundsException">java.lang.ArrayIndexOutOfBoundsException: Index 2 out of bounds for length 2
	at com.anapiqueras.AppTest.twoBooksEquals(AppTest.java:67)
</error>
  </testcase>
  <testcase name="fiveBooksFourDifferentsPlusOne" classname="com.anapiqueras.AppTest" time="0.013">
    <failure message="expected:&lt;33.6&gt; but was:&lt;44.8&gt;" type="java.lang.AssertionError"><![CDATA[java.lang.AssertionError: expected:<33.6> but was:<44.8>
	at com.anapiqueras.AppTest.fiveBooksFourDifferentsPlusOne(AppTest.java:151)
]]></failure>
    <system-out><![CDATA[costByGroupOf3
costByGroupOf2
costByGroupOf1
costByGroupOf1
costByGroupOf1
costByGroupOf1
costByGroupOf2
costByGroupOf2
costByGroupOf1
costByGroupOf1
costByGroupOf1
costByGroupOf1
costByGroupOf1
costByGroupOf1
costByGroupOf1
costByGroupOf1
costByGroupOf3
costByGroupOf2
costByGroupOf1
costByGroupOf1
costByGroupOf1
costByGroupOf1
costByGroupOf2
costByGroupOf2
costByGroupOf1
costByGroupOf1
costByGroupOf1
costByGroupOf1
costByGroupOf1
costByGroupOf1
costByGroupOf1
costByGroupOf1
----44.8
costByGroupOf3
costByGroupOf2
costByGroupOf1
costByGroupOf1
costByGroupOf1
costByGroupOf1
costByGroupOf2
costByGroupOf2
costByGroupOf1
costByGroupOf1
costByGroupOf1
costByGroupOf1
costByGroupOf1
costByGroupOf1
costByGroupOf1
costByGroupOf1
----44.8
costByGroupOf3
costByGroupOf2
costByGroupOf1
costByGroupOf1
costByGroupOf1
costByGroupOf1
----44.8
costByGroupOf2
costByGroupOf2
costByGroupOf1
costByGroupOf1
----46.4
costByGroupOf1
costByGroupOf1
costByGroupOf1
costByGroupOf1
costByGroupOf1
costByGroupOf1
---- 48.0
]]></system-out>
  </testcase>
  <testcase name="twoBooksDifferents" classname="com.anapiqueras.AppTest" time="0">
    <error message="Index 2 out of bounds for length 2" type="java.lang.ArrayIndexOutOfBoundsException">java.lang.ArrayIndexOutOfBoundsException: Index 2 out of bounds for length 2
	at com.anapiqueras.AppTest.twoBooksDifferents(AppTest.java:73)
</error>
  </testcase>
  <testcase name="fiveBooksThreeDifferentsPlusTwoEquals" classname="com.anapiqueras.AppTest" time="0.006">
    <failure message="expected:&lt;37.6&gt; but was:&lt;33.6&gt;" type="java.lang.AssertionError"><![CDATA[java.lang.AssertionError: expected:<37.6> but was:<33.6>
	at com.anapiqueras.AppTest.fiveBooksThreeDifferentsPlusTwoEquals(AppTest.java:145)
]]></failure>
    <system-out><![CDATA[costByGroupOf4
costByGroupOf1
costByGroupOf1
costByGroupOf1
costByGroupOf1
costByGroupOf3
costByGroupOf2
costByGroupOf1
costByGroupOf1
costByGroupOf2
costByGroupOf2
costByGroupOf1
costByGroupOf1
costByGroupOf1
costByGroupOf1
costByGroupOf1
costByGroupOf1
----33.6
costByGroupOf4
costByGroupOf1
costByGroupOf1
costByGroupOf1
costByGroupOf1
----33.6
costByGroupOf3
costByGroupOf2
costByGroupOf1
costByGroupOf1
----36.8
costByGroupOf2
costByGroupOf2
costByGroupOf1
----38.4
costByGroupOf1
costByGroupOf1
costByGroupOf1
costByGroupOf1
costByGroupOf1
---- 40.0
]]></system-out>
  </testcase>
  <testcase name="checkPrice" classname="com.anapiqueras.AppTest" time="0"/>
  <testcase name="checkDiscountFiveDifferentsBooks" classname="com.anapiqueras.AppTest" time="0"/>
  <testcase name="checkDiscountTwoDifferentsBooks" classname="com.anapiqueras.AppTest" time="0"/>
  <testcase name="fourBooksDifferents" classname="com.anapiqueras.AppTest" time="0">
    <error message="Index 4 out of bounds for length 4" type="java.lang.ArrayIndexOutOfBoundsException">java.lang.ArrayIndexOutOfBoundsException: Index 4 out of bounds for length 4
	at com.anapiqueras.AppTest.fourBooksDifferents(AppTest.java:103)
</error>
  </testcase>
  <testcase name="threeBooksTwoDifferentsPlusOne" classname="com.anapiqueras.AppTest" time="0">
    <error message="Index 3 out of bounds for length 3" type="java.lang.ArrayIndexOutOfBoundsException">java.lang.ArrayIndexOutOfBoundsException: Index 3 out of bounds for length 3
	at com.anapiqueras.AppTest.threeBooksTwoDifferentsPlusOne(AppTest.java:91)
</error>
  </testcase>
  <testcase name="fiveBooksTwoDifferentsForTwoPlusOne" classname="com.anapiqueras.AppTest" time="0.005">
    <failure message="expected:&lt;38.4&gt; but was:&lt;21.6&gt;" type="java.lang.AssertionError"><![CDATA[java.lang.AssertionError: expected:<38.4> but was:<21.6>
	at com.anapiqueras.AppTest.fiveBooksTwoDifferentsForTwoPlusOne(AppTest.java:157)
]]></failure>
    <system-out><![CDATA[costByGroupOf3
costByGroupOf2
costByGroupOf1
costByGroupOf1
costByGroupOf1
costByGroupOf1
costByGroupOf3
costByGroupOf2
costByGroupOf1
costByGroupOf1
costByGroupOf1
costByGroupOf1
----21.6
costByGroupOf3
costByGroupOf2
costByGroupOf1
costByGroupOf1
costByGroupOf1
costByGroupOf1
----21.6
costByGroupOf3
----21.6
costByGroupOf2
costByGroupOf1
----23.2
costByGroupOf1
costByGroupOf1
costByGroupOf1
---- 24.0
]]></system-out>
  </testcase>
  <testcase name="fiveBooksDifferents" classname="com.anapiqueras.AppTest" time="0.012">
    <failure message="expected:&lt;30.0&gt; but was:&lt;70.4&gt;" type="java.lang.AssertionError"><![CDATA[java.lang.AssertionError: expected:<30.0> but was:<70.4>
	at com.anapiqueras.AppTest.fiveBooksDifferents(AppTest.java:133)
]]></failure>
    <system-out><![CDATA[costByGroupOf4
costByGroupOf3
costByGroupOf2
costByGroupOf1
costByGroupOf1
costByGroupOf1
costByGroupOf1
costByGroupOf2
costByGroupOf2
costByGroupOf1
costByGroupOf1
costByGroupOf1
costByGroupOf1
costByGroupOf1
costByGroupOf1
costByGroupOf1
costByGroupOf1
costByGroupOf3
costByGroupOf3
costByGroupOf2
costByGroupOf1
costByGroupOf1
costByGroupOf1
costByGroupOf1
costByGroupOf1
costByGroupOf1
costByGroupOf2
costByGroupOf2
costByGroupOf2
costByGroupOf2
costByGroupOf1
costByGroupOf1
costByGroupOf1
costByGroupOf1
costByGroupOf1
costByGroupOf1
costByGroupOf1
costByGroupOf1
costByGroupOf1
costByGroupOf1
costByGroupOf1
costByGroupOf1
----70.4
costByGroupOf4
costByGroupOf3
costByGroupOf2
costByGroupOf1
costByGroupOf1
costByGroupOf1
costByGroupOf1
costByGroupOf2
costByGroupOf2
costByGroupOf1
costByGroupOf1
costByGroupOf1
costByGroupOf1
costByGroupOf1
costByGroupOf1
costByGroupOf1
costByGroupOf1
----70.4
costByGroupOf3
costByGroupOf3
costByGroupOf2
costByGroupOf1
costByGroupOf1
costByGroupOf1
costByGroupOf1
costByGroupOf1
costByGroupOf1
----74.4
costByGroupOf2
costByGroupOf2
costByGroupOf2
costByGroupOf2
costByGroupOf1
costByGroupOf1
----76.8
costByGroupOf1
costByGroupOf1
costByGroupOf1
costByGroupOf1
costByGroupOf1
costByGroupOf1
costByGroupOf1
costByGroupOf1
costByGroupOf1
costByGroupOf1
---- 80.0
]]></system-out>
  </testcase>
  <testcase name="threeBooksDifferents" classname="com.anapiqueras.AppTest" time="0">
    <error message="Index 3 out of bounds for length 3" type="java.lang.ArrayIndexOutOfBoundsException">java.lang.ArrayIndexOutOfBoundsException: Index 3 out of bounds for length 3
	at com.anapiqueras.AppTest.threeBooksDifferents(AppTest.java:85)
</error>
  </testcase>
  <testcase name="fiveBooksTwoDifferentsPlusThreeEquals" classname="com.anapiqueras.AppTest" time="0.004">
    <failure message="expected:&lt;39.2&gt; but was:&lt;25.6&gt;" type="java.lang.AssertionError"><![CDATA[java.lang.AssertionError: expected:<39.2> but was:<25.6>
	at com.anapiqueras.AppTest.fiveBooksTwoDifferentsPlusThreeEquals(AppTest.java:139)
]]></failure>
    <system-out><![CDATA[costByGroupOf4
costByGroupOf3
costByGroupOf1
costByGroupOf1
costByGroupOf2
costByGroupOf2
costByGroupOf1
costByGroupOf1
costByGroupOf1
costByGroupOf1
----25.6
costByGroupOf4
----25.6
costByGroupOf3
costByGroupOf1
costByGroupOf1
----29.6
costByGroupOf2
costByGroupOf2
----30.4
costByGroupOf1
costByGroupOf1
costByGroupOf1
costByGroupOf1
---- 32.0
]]></system-out>
  </testcase>
  <testcase name="fourBooksEquals" classname="com.anapiqueras.AppTest" time="0">
    <error message="Index 4 out of bounds for length 4" type="java.lang.ArrayIndexOutOfBoundsException">java.lang.ArrayIndexOutOfBoundsException: Index 4 out of bounds for length 4
	at com.anapiqueras.AppTest.fourBooksEquals(AppTest.java:97)
</error>
  </testcase>
</testsuite>